<?xml version="1.0" encoding="UTF-8"?>
<!-- Generated by org.testng.reporters.JUnitReportReporter -->
<testsuite hostname="DESKTOP-C0BIG7I" failures="0" tests="1" name="runners.MyTestNGRunner" time="1.329" errors="1" timestamp="2025-04-04T07:03:11 IST" skipped="0">
  <testcase classname="runners.MyTestNGRunner" name="setUpClass" time="1.329">
    <error message="Invalid Browser Name" type="java.lang.IllegalStateException">
      <![CDATA[java.lang.IllegalStateException: Invalid Browser Name
at driver.DriverFactory.initDriver(DriverFactory.java:24)
at hooks.Hooks.beforeHooks(Hooks.java:29)
]]>
    </error>
  </testcase> <!-- setUpClass -->
</testsuite> <!-- runners.MyTestNGRunner -->
